0 info it worked if it ends with ok
1 verbose cli [ '/home/greg/.nvm/versions/node/v6.9.2/bin/node',
1 verbose cli   '/home/greg/.nvm/versions/node/v6.9.2/bin/npm',
1 verbose cli   'i' ]
2 info using npm@3.10.9
3 info using node@v6.9.2
4 silly loadCurrentTree Starting
5 silly install loadCurrentTree
6 silly install readLocalPackageData
7 silly install normalizeTree
8 silly loadCurrentTree Finishing
9 silly loadIdealTree Starting
10 silly install loadIdealTree
11 silly cloneCurrentTree Starting
12 silly install cloneCurrentTreeToIdealTree
13 silly cloneCurrentTree Finishing
14 silly loadShrinkwrap Starting
15 silly install loadShrinkwrap
16 silly loadShrinkwrap Finishing
17 silly loadAllDepsIntoIdealTree Starting
18 silly install loadAllDepsIntoIdealTree
19 silly loadAllDepsIntoIdealTree Finishing
20 silly loadIdealTree Finishing
21 silly currentTree aleator@1.0.0
22 silly idealTree aleator@1.0.0
23 silly generateActionsToTake Starting
24 silly install generateActionsToTake
25 silly generateActionsToTake Finishing
26 silly diffTrees action count 0
27 silly decomposeActions action count 0
28 silly runTopLevelLifecycles Starting
29 silly install runPreinstallTopLevelLifecycles
30 silly preinstall aleator@1.0.0 /home/greg/Documents/workspace/aleator/aleator-89324f0b
31 info lifecycle aleator@1.0.0~preinstall: aleator@1.0.0
32 verbose lifecycle aleator@1.0.0~preinstall: unsafe-perm in lifecycle true
33 verbose lifecycle aleator@1.0.0~preinstall: PATH: /home/greg/.nvm/versions/node/v6.9.2/lib/node_modules/npm/bin/node-gyp-bin:/home/greg/Documents/workspace/aleator/node_modules/.bin:/home/greg/.nvm/versions/node/v6.9.2/bin:/home/greg/bin:/home/greg/.local/bin:/usr/local/sbin:/usr/local/bin:/usr/sbin:/usr/bin:/sbin:/bin:/usr/games:/usr/local/games
34 verbose lifecycle aleator@1.0.0~preinstall: CWD: /home/greg/Documents/workspace/aleator
35 silly lifecycle aleator@1.0.0~preinstall: Args: [ '-c', 'npm run build:client' ]
36 silly lifecycle aleator@1.0.0~preinstall: Returned: code: 0  signal: null
37 silly executeActions Starting
38 silly install executeActions
39 silly doSerial global-install 0
40 silly doParallel fetch 0
41 verbose correctMkdir /home/greg/.npm/_locks correctMkdir not in flight; initializing
42 verbose lock using /home/greg/.npm/_locks/staging-d138d3a6931807af.lock for /home/greg/Documents/workspace/aleator/node_modules/.staging
43 silly doParallel extract 0
44 silly doParallel preinstall 0
45 silly doReverseSerial remove 0
46 silly doSerial move 0
47 silly doSerial finalize 0
48 silly doSerial build 0
49 silly doSerial global-link 0
50 silly doParallel update-linked 0
51 silly doSerial install 0
52 silly doSerial postinstall 0
53 verbose unlock done using /home/greg/.npm/_locks/staging-d138d3a6931807af.lock for /home/greg/Documents/workspace/aleator/node_modules/.staging
54 silly executeActions Finishing
55 silly rollbackFailedOptional Starting
56 silly rollbackFailedOptional Finishing
57 silly install runPostinstallTopLevelLifecycles
58 silly build aleator@1.0.0
59 info linkStuff aleator@1.0.0
60 silly linkStuff aleator@1.0.0 has /home/greg/Documents/workspace as its parent node_modules
61 verbose linkBins aleator@1.0.0
62 verbose linkMans aleator@1.0.0
63 silly install aleator@1.0.0 /home/greg/Documents/workspace/aleator/aleator-89324f0b
64 info lifecycle aleator@1.0.0~install: aleator@1.0.0
65 verbose lifecycle aleator@1.0.0~install: unsafe-perm in lifecycle true
66 verbose lifecycle aleator@1.0.0~install: PATH: /home/greg/.nvm/versions/node/v6.9.2/lib/node_modules/npm/bin/node-gyp-bin:/home/greg/Documents/workspace/aleator/node_modules/.bin:/home/greg/.nvm/versions/node/v6.9.2/bin:/home/greg/bin:/home/greg/.local/bin:/usr/local/sbin:/usr/local/bin:/usr/sbin:/usr/bin:/sbin:/bin:/usr/games:/usr/local/games
67 verbose lifecycle aleator@1.0.0~install: CWD: /home/greg/Documents/workspace/aleator
68 silly lifecycle aleator@1.0.0~install: Args: [ '-c', 'npm run build:server' ]
69 silly lifecycle aleator@1.0.0~install: Returned: code: 1  signal: null
70 info lifecycle aleator@1.0.0~install: Failed to exec install script
71 verbose stack Error: aleator@1.0.0 install: `npm run build:server`
71 verbose stack Exit status 1
71 verbose stack     at EventEmitter.<anonymous> (/home/greg/.nvm/versions/node/v6.9.2/lib/node_modules/npm/lib/utils/lifecycle.js:255:16)
71 verbose stack     at emitTwo (events.js:106:13)
71 verbose stack     at EventEmitter.emit (events.js:191:7)
71 verbose stack     at ChildProcess.<anonymous> (/home/greg/.nvm/versions/node/v6.9.2/lib/node_modules/npm/lib/utils/spawn.js:40:14)
71 verbose stack     at emitTwo (events.js:106:13)
71 verbose stack     at ChildProcess.emit (events.js:191:7)
71 verbose stack     at maybeClose (internal/child_process.js:877:16)
71 verbose stack     at Process.ChildProcess._handle.onexit (internal/child_process.js:226:5)
72 verbose pkgid aleator@1.0.0
73 verbose cwd /home/greg/Documents/workspace/aleator
74 error Linux 4.4.0-47-generic
75 error argv "/home/greg/.nvm/versions/node/v6.9.2/bin/node" "/home/greg/.nvm/versions/node/v6.9.2/bin/npm" "i"
76 error node v6.9.2
77 error npm  v3.10.9
78 error code ELIFECYCLE
79 error aleator@1.0.0 install: `npm run build:server`
79 error Exit status 1
80 error Failed at the aleator@1.0.0 install script 'npm run build:server'.
80 error Make sure you have the latest version of node.js and npm installed.
80 error If you do, this is most likely a problem with the aleator package,
80 error not with npm itself.
80 error Tell the author that this fails on your system:
80 error     npm run build:server
80 error You can get information on how to open an issue for this project with:
80 error     npm bugs aleator
80 error Or if that isn't available, you can get their info via:
80 error     npm owner ls aleator
80 error There is likely additional logging output above.
81 verbose exit [ 1, true ]
